<?xml version="1.0" encoding="UTF-8"?>
<testsuite xmlns:xsi="http://www.w3.org/2001/XMLSchema-instance" xsi:noNamespaceSchemaLocation="https://maven.apache.org/surefire/maven-surefire-plugin/xsd/surefire-test-report-3.0.xsd" version="3.0" name="com.example.demo.maven.AppTest" time="0.045" tests="1" errors="0" skipped="0" failures="0">
  <properties>
    <property name="java.specification.version" value="21"/>
    <property name="sun.cpu.isalist" value="amd64"/>
    <property name="sun.jnu.encoding" value="Cp1252"/>
    <property name="java.class.path" value="C:\Cursos\BOOT20250305\repositorio\demo-maven\target\test-classes;C:\Cursos\BOOT20250305\repositorio\demo-maven\target\classes;C:\Archivos\apache-maven-3.8.6\.m2\org\projectlombok\lombok\1.18.36\lombok-1.18.36.jar;C:\Archivos\apache-maven-3.8.6\.m2\org\hibernate\orm\hibernate-core\6.6.9.Final\hibernate-core-6.6.9.Final.jar;C:\Archivos\apache-maven-3.8.6\.m2\jakarta\persistence\jakarta.persistence-api\3.1.0\jakarta.persistence-api-3.1.0.jar;C:\Archivos\apache-maven-3.8.6\.m2\jakarta\transaction\jakarta.transaction-api\2.0.1\jakarta.transaction-api-2.0.1.jar;C:\Archivos\apache-maven-3.8.6\.m2\org\jboss\logging\jboss-logging\3.5.0.Final\jboss-logging-3.5.0.Final.jar;C:\Archivos\apache-maven-3.8.6\.m2\org\hibernate\common\hibernate-commons-annotations\7.0.3.Final\hibernate-commons-annotations-7.0.3.Final.jar;C:\Archivos\apache-maven-3.8.6\.m2\io\smallrye\jandex\3.2.0\jandex-3.2.0.jar;C:\Archivos\apache-maven-3.8.6\.m2\com\fasterxml\classmate\1.5.1\classmate-1.5.1.jar;C:\Archivos\apache-maven-3.8.6\.m2\net\bytebuddy\byte-buddy\1.15.11\byte-buddy-1.15.11.jar;C:\Archivos\apache-maven-3.8.6\.m2\jakarta\xml\bind\jakarta.xml.bind-api\4.0.0\jakarta.xml.bind-api-4.0.0.jar;C:\Archivos\apache-maven-3.8.6\.m2\jakarta\activation\jakarta.activation-api\2.1.0\jakarta.activation-api-2.1.0.jar;C:\Archivos\apache-maven-3.8.6\.m2\org\glassfish\jaxb\jaxb-runtime\4.0.2\jaxb-runtime-4.0.2.jar;C:\Archivos\apache-maven-3.8.6\.m2\org\glassfish\jaxb\jaxb-core\4.0.2\jaxb-core-4.0.2.jar;C:\Archivos\apache-maven-3.8.6\.m2\org\eclipse\angus\angus-activation\2.0.0\angus-activation-2.0.0.jar;C:\Archivos\apache-maven-3.8.6\.m2\org\glassfish\jaxb\txw2\4.0.2\txw2-4.0.2.jar;C:\Archivos\apache-maven-3.8.6\.m2\com\sun\istack\istack-commons-runtime\4.1.1\istack-commons-runtime-4.1.1.jar;C:\Archivos\apache-maven-3.8.6\.m2\jakarta\inject\jakarta.inject-api\2.0.1\jakarta.inject-api-2.0.1.jar;C:\Archivos\apache-maven-3.8.6\.m2\org\antlr\antlr4-runtime\4.13.0\antlr4-runtime-4.13.0.jar;C:\Archivos\apache-maven-3.8.6\.m2\junit\junit\3.8.1\junit-3.8.1.jar;"/>
    <property name="java.vm.vendor" value="Oracle Corporation"/>
    <property name="sun.arch.data.model" value="64"/>
    <property name="user.variant" value=""/>
    <property name="java.vendor.url" value="https://java.oracle.com/"/>
    <property name="user.timezone" value="Europe/Madrid"/>
    <property name="os.name" value="Windows 11"/>
    <property name="java.vm.specification.version" value="21"/>
    <property name="sun.java.launcher" value="SUN_STANDARD"/>
    <property name="user.country" value="ES"/>
    <property name="sun.boot.library.path" value="C:\Program Files\Java\jdk-21\bin"/>
    <property name="sun.java.command" value="C:\temp\surefire63517116165768546\surefirebooter-20250306135633043_3.jar C:\temp\surefire63517116165768546 2025-03-06T13-56-31_021-jvmRun1 surefire-20250306135633043_1tmp surefire_0-20250306135633043_2tmp"/>
    <property name="jdk.debug" value="release"/>
    <property name="surefire.test.class.path" value="C:\Cursos\BOOT20250305\repositorio\demo-maven\target\test-classes;C:\Cursos\BOOT20250305\repositorio\demo-maven\target\classes;C:\Archivos\apache-maven-3.8.6\.m2\org\projectlombok\lombok\1.18.36\lombok-1.18.36.jar;C:\Archivos\apache-maven-3.8.6\.m2\org\hibernate\orm\hibernate-core\6.6.9.Final\hibernate-core-6.6.9.Final.jar;C:\Archivos\apache-maven-3.8.6\.m2\jakarta\persistence\jakarta.persistence-api\3.1.0\jakarta.persistence-api-3.1.0.jar;C:\Archivos\apache-maven-3.8.6\.m2\jakarta\transaction\jakarta.transaction-api\2.0.1\jakarta.transaction-api-2.0.1.jar;C:\Archivos\apache-maven-3.8.6\.m2\org\jboss\logging\jboss-logging\3.5.0.Final\jboss-logging-3.5.0.Final.jar;C:\Archivos\apache-maven-3.8.6\.m2\org\hibernate\common\hibernate-commons-annotations\7.0.3.Final\hibernate-commons-annotations-7.0.3.Final.jar;C:\Archivos\apache-maven-3.8.6\.m2\io\smallrye\jandex\3.2.0\jandex-3.2.0.jar;C:\Archivos\apache-maven-3.8.6\.m2\com\fasterxml\classmate\1.5.1\classmate-1.5.1.jar;C:\Archivos\apache-maven-3.8.6\.m2\net\bytebuddy\byte-buddy\1.15.11\byte-buddy-1.15.11.jar;C:\Archivos\apache-maven-3.8.6\.m2\jakarta\xml\bind\jakarta.xml.bind-api\4.0.0\jakarta.xml.bind-api-4.0.0.jar;C:\Archivos\apache-maven-3.8.6\.m2\jakarta\activation\jakarta.activation-api\2.1.0\jakarta.activation-api-2.1.0.jar;C:\Archivos\apache-maven-3.8.6\.m2\org\glassfish\jaxb\jaxb-runtime\4.0.2\jaxb-runtime-4.0.2.jar;C:\Archivos\apache-maven-3.8.6\.m2\org\glassfish\jaxb\jaxb-core\4.0.2\jaxb-core-4.0.2.jar;C:\Archivos\apache-maven-3.8.6\.m2\org\eclipse\angus\angus-activation\2.0.0\angus-activation-2.0.0.jar;C:\Archivos\apache-maven-3.8.6\.m2\org\glassfish\jaxb\txw2\4.0.2\txw2-4.0.2.jar;C:\Archivos\apache-maven-3.8.6\.m2\com\sun\istack\istack-commons-runtime\4.1.1\istack-commons-runtime-4.1.1.jar;C:\Archivos\apache-maven-3.8.6\.m2\jakarta\inject\jakarta.inject-api\2.0.1\jakarta.inject-api-2.0.1.jar;C:\Archivos\apache-maven-3.8.6\.m2\org\antlr\antlr4-runtime\4.13.0\antlr4-runtime-4.13.0.jar;C:\Archivos\apache-maven-3.8.6\.m2\junit\junit\3.8.1\junit-3.8.1.jar;"/>
    <property name="sun.cpu.endian" value="little"/>
    <property name="user.home" value="C:\Users\javie"/>
    <property name="user.language" value="es"/>
    <property name="java.specification.vendor" value="Oracle Corporation"/>
    <property name="java.version.date" value="2023-09-19"/>
    <property name="java.home" value="C:\Program Files\Java\jdk-21"/>
    <property name="file.separator" value="\"/>
    <property name="basedir" value="C:\Cursos\BOOT20250305\repositorio\demo-maven"/>
    <property name="java.vm.compressedOopsMode" value="Zero based"/>
    <property name="line.separator" value="&#10;"/>
    <property name="java.vm.specification.vendor" value="Oracle Corporation"/>
    <property name="java.specification.name" value="Java Platform API Specification"/>
    <property name="surefire.real.class.path" value="C:\temp\surefire63517116165768546\surefirebooter-20250306135633043_3.jar"/>
    <property name="user.script" value=""/>
    <property name="sun.management.compiler" value="HotSpot 64-Bit Tiered Compilers"/>
    <property name="java.runtime.version" value="21+35-LTS-2513"/>
    <property name="user.name" value="Javier"/>
    <property name="stdout.encoding" value="Cp1252"/>
    <property name="path.separator" value=";"/>
    <property name="os.version" value="10.0"/>
    <property name="java.runtime.name" value="Java(TM) SE Runtime Environment"/>
    <property name="file.encoding" value="UTF-8"/>
    <property name="java.vm.name" value="Java HotSpot(TM) 64-Bit Server VM"/>
    <property name="localRepository" value="C:\Archivos\apache-maven-3.8.6\.m2"/>
    <property name="java.vendor.url.bug" value="https://bugreport.java.com/bugreport/"/>
    <property name="java.io.tmpdir" value="C:\temp\"/>
    <property name="java.version" value="21"/>
    <property name="user.dir" value="C:\Cursos\BOOT20250305\repositorio\demo-maven"/>
    <property name="os.arch" value="amd64"/>
    <property name="java.vm.specification.name" value="Java Virtual Machine Specification"/>
    <property name="sun.os.patch.level" value=""/>
    <property name="native.encoding" value="Cp1252"/>
    <property name="java.library.path" value="C:\Program Files\Java\jdk-21\bin;C:\WINDOWS\Sun\Java\bin;C:\WINDOWS\system32;C:\WINDOWS;C:/Archivos/eclipse//plugins/org.eclipse.justj.openjdk.hotspot.jre.full.win32.x86_64_23.0.2.v20250131-0604/jre/bin/server;C:/Archivos/eclipse//plugins/org.eclipse.justj.openjdk.hotspot.jre.full.win32.x86_64_23.0.2.v20250131-0604/jre/bin;C:\Program Files\Python310\Scripts\;C:\Program Files\Python310\;C:\Program Files (x86)\Microsoft SDKs\Azure\CLI2\wbin;C:\Archivos\Selenium\WebDriver;C:\Program Files\Java\graalvm-jdk-21+35.1;C:\Program Files\Java\jdk-21\bin;C:\Archivos\apache-maven\bin;C:\Program Files\Common Files\Oracle\Java\javapath;C:\Program Files (x86)\Common Files\Oracle\Java\javapath;C:\Program Files (x86)\NVIDIA Corporation\PhysX\Common;C:\WINDOWS;C:\WINDOWS\system32;C:\WINDOWS\System32\Wbem;C:\WINDOWS\System32\WindowsPowerShell\v1.0\;C:\WINDOWS\System32\OpenSSH\;C:\WINDOWS\system32\config\systemprofile\.dnx\bin;C:\Program Files\dotnet\;C:\Program Files\Microsoft SQL Server\150\Tools\Binn\;C:\Program Files\Microsoft SQL Server\Client SDK\ODBC\130\Tools\Binn\;C:\Program Files (x86)\Microsoft SQL Server\140\Tools\Binn\;C:\Program Files\Microsoft SQL Server\140\DTS\Binn\;C:\Program Files\Microsoft DNX\Dnvm\;C:\Program Files\Microsoft VS Code\bin;C:\ProgramData\chocolatey\bin;C:\Program Files (x86)\Microsoft SQL Server\150\DTS\Binn\;C:\Program Files\Microsoft SQL Server\Client SDK\ODBC\170\Tools\Binn\;C:\Users\javie\AppData\Roaming\nvm;C:\Program Files\nodejs;C:\Program Files (x86)\Intel\Intel(R) Management Engine Components\DAL;C:\Program Files\Intel\Intel(R) Management Engine Components\DAL;C:\Program Files\NVIDIA Corporation\NVIDIA NvDLISR;D:\Android\Android\Sdk\emulator;D:\Android\Android\Sdk\platform-tools;C:\WINDOWS\system32;C:\WINDOWS;C:\WINDOWS\System32\Wbem;C:\WINDOWS\System32\WindowsPowerShell\v1.0\;C:\WINDOWS\System32\OpenSSH\;C:\Program Files (x86)\Microsoft SQL Server\160\DTS\Binn\;C:\Program Files\Azure Data Studio\bin;C:\Program Files (x86)\Groovy\bin;C:\Program Files\RedHat\Podman\;C:\Program Files\Docker\Docker\resources\bin;C:\Program Files\Git\cmd;C:\Program Files\TortoiseGit\bin;C:\Users\javie\AppData\Local\Microsoft\WindowsApps;C:\Program Files\Microsoft VS Code\bin;C:\Users\javie\AppData\Roaming\nvm;C:\Users\javie\AppData\Roaming\npm;C:\Program Files\nodejs;C:\Users\javie\.dotnet\tools;C:\Archivos\sonarqube\scanner-net-framework;C:\Archivos\sonarqube\scanner\bin;C:\Program Files\SmartBear\SoapUI-5.7.0\bin;C:\Program Files\Azure Data Studio\bin;D:\Trabajo\apache-jmeter\apache-jmeter\bin;D:\Program Files (x86)\SysinternalsSuite;C:\Users\javie\AppData\Local\Microsoft\WinGet\Links;C:\Users\javie\.dotnet\tools;C:\Users\javie\.console-ninja\.bin;;C:\Users\javie\AppData\Local\Microsoft\WindowsApps;C:\Archivos\eclipse;;."/>
    <property name="java.vm.info" value="mixed mode, sharing"/>
    <property name="stderr.encoding" value="Cp1252"/>
    <property name="java.vendor" value="Oracle Corporation"/>
    <property name="java.vm.version" value="21+35-LTS-2513"/>
    <property name="sun.io.unicode.encoding" value="UnicodeLittle"/>
    <property name="java.class.version" value="65.0"/>
  </properties>
  <testcase name="testApp" classname="com.example.demo.maven.AppTest" time="0.007"/>
</testsuite>